<?xml version="1.0" encoding="UTF-8"?>
<testsuite name="com.ce.fisa.Step18EmpAppApplicationTests" tests="1" skipped="0" failures="0" errors="0" timestamp="2024-09-27T00:18:55" hostname="2-14" time="0.394">
  <properties/>
  <testcase name="contextLoads()" classname="com.ce.fisa.Step18EmpAppApplicationTests" time="0.394"/>
  <system-out><![CDATA[09:18:51.267 [Test worker] INFO org.springframework.test.context.support.AnnotationConfigContextLoaderUtils -- Could not detect default configuration classes for test class [com.ce.fisa.Step18EmpAppApplicationTests]: Step18EmpAppApplicationTests does not declare any static, non-private, non-final, nested classes annotated with @Configuration.
09:18:51.356 [Test worker] INFO org.springframework.boot.test.context.SpringBootTestContextBootstrapper -- Found @SpringBootConfiguration com.ce.fisa.Step18EmpAppApplication for test class com.ce.fisa.Step18EmpAppApplicationTests

  .   ____          _            __ _ _
 /\\ / ___'_ __ _ _(_)_ __  __ _ \ \ \ \
( ( )\___ | '_ | '_| | '_ \/ _` | \ \ \ \
 \\/  ___)| |_)| | | | | || (_| |  ) ) ) )
  '  |____| .__|_| |_|_| |_\__, | / / / /
 =========|_|==============|___/=/_/_/_/

 :: Spring Boot ::                (v3.3.4)

2024-09-27T09:18:51.718+09:00  INFO 8164 --- [step18_empApp] [    Test worker] c.ce.fisa.Step18EmpAppApplicationTests   : Starting Step18EmpAppApplicationTests using Java 17 with PID 8164 (started by 2-14 in C:\01.lab\01.java\step18_empApp)
2024-09-27T09:18:51.719+09:00  INFO 8164 --- [step18_empApp] [    Test worker] c.ce.fisa.Step18EmpAppApplicationTests   : No active profile set, falling back to 1 default profile: "default"
2024-09-27T09:18:52.313+09:00  INFO 8164 --- [step18_empApp] [    Test worker] .s.d.r.c.RepositoryConfigurationDelegate : Bootstrapping Spring Data JPA repositories in DEFAULT mode.
2024-09-27T09:18:52.373+09:00  INFO 8164 --- [step18_empApp] [    Test worker] .s.d.r.c.RepositoryConfigurationDelegate : Finished Spring Data repository scanning in 54 ms. Found 2 JPA repository interfaces.
2024-09-27T09:18:52.787+09:00  INFO 8164 --- [step18_empApp] [    Test worker] o.hibernate.jpa.internal.util.LogHelper  : HHH000204: Processing PersistenceUnitInfo [name: default]
2024-09-27T09:18:52.839+09:00  INFO 8164 --- [step18_empApp] [    Test worker] org.hibernate.Version                    : HHH000412: Hibernate ORM core version 6.5.3.Final
2024-09-27T09:18:52.872+09:00  INFO 8164 --- [step18_empApp] [    Test worker] o.h.c.internal.RegionFactoryInitiator    : HHH000026: Second-level cache disabled
2024-09-27T09:18:53.191+09:00  INFO 8164 --- [step18_empApp] [    Test worker] o.s.o.j.p.SpringPersistenceUnitInfo      : No LoadTimeWeaver setup: ignoring JPA class transformer
2024-09-27T09:18:53.219+09:00  INFO 8164 --- [step18_empApp] [    Test worker] com.zaxxer.hikari.HikariDataSource       : HikariPool-1 - Starting...
2024-09-27T09:18:53.365+09:00  INFO 8164 --- [step18_empApp] [    Test worker] com.zaxxer.hikari.pool.HikariPool        : HikariPool-1 - Added connection com.mysql.cj.jdbc.ConnectionImpl@65d7eea4
2024-09-27T09:18:53.366+09:00  INFO 8164 --- [step18_empApp] [    Test worker] com.zaxxer.hikari.HikariDataSource       : HikariPool-1 - Start completed.
2024-09-27T09:18:53.406+09:00  WARN 8164 --- [step18_empApp] [    Test worker] org.hibernate.orm.deprecation            : HHH90000025: MySQLDialect does not need to be specified explicitly using 'hibernate.dialect' (remove the property setting and it will be selected by default)
2024-09-27T09:18:54.118+09:00  INFO 8164 --- [step18_empApp] [    Test worker] o.h.e.t.j.p.i.JtaPlatformInitiator       : HHH000489: No JTA platform available (set 'hibernate.transaction.jta.platform' to enable JTA platform integration)
2024-09-27T09:18:54.121+09:00  INFO 8164 --- [step18_empApp] [    Test worker] j.LocalContainerEntityManagerFactoryBean : Initialized JPA EntityManagerFactory for persistence unit 'default'
2024-09-27T09:18:54.340+09:00  INFO 8164 --- [step18_empApp] [    Test worker] o.s.d.j.r.query.QueryEnhancerFactory     : Hibernate is in classpath; If applicable, HQL parser will be used.
2024-09-27T09:18:54.858+09:00  WARN 8164 --- [step18_empApp] [    Test worker] JpaBaseConfiguration$JpaWebConfiguration : spring.jpa.open-in-view is enabled by default. Therefore, database queries may be performed during view rendering. Explicitly configure spring.jpa.open-in-view to disable this warning
2024-09-27T09:18:54.880+09:00  INFO 8164 --- [step18_empApp] [    Test worker] o.s.b.a.w.s.WelcomePageHandlerMapping    : Adding welcome page: class path resource [static/index.html]
2024-09-27T09:18:55.194+09:00  INFO 8164 --- [step18_empApp] [    Test worker] c.ce.fisa.Step18EmpAppApplicationTests   : Started Step18EmpAppApplicationTests in 3.688 seconds (process running for 4.99)
]]></system-out>
  <system-err><![CDATA[]]></system-err>
</testsuite>
